2018-02-12 03:27:35 [192.168.100.103][-][-][warning][yii\debug\Module::checkAccess] Access to debugger is denied due to IP address restriction. The requesting IP address is 192.168.100.103
    in /var/www/html/sig/sig_arsip/backend/views/layouts/main.php:73
    in /var/www/html/sig/sig_arsip/backend/controllers/SiteController.php:73
2018-02-12 03:27:34 [192.168.100.103][-][-][info][application] $_GET = [
    'r' => 'site/login'
]

$_COOKIE = [
    'PHPSESSID' => 'c9t4p2uf5ln4q6lq0er38atak7'
]

$_SESSION = [
    '__flash' => []
    '__returnUrl' => '/sig/sig_arsip/backend/web/'
]

$_SERVER = [
    'UNIQUE_ID' => 'WoEJppTCuVim-PnoDiH3UAAAAAI'
    'HTTP_HOST' => '192.168.100.49'
    'HTTP_CONNECTION' => 'keep-alive'
    'HTTP_UPGRADE_INSECURE_REQUESTS' => '1'
    'HTTP_USER_AGENT' => 'Mozilla/5.0 (Windows NT 10.0; Win64; x64) AppleWebKit/537.36 (KHTML, like Gecko) Chrome/64.0.3282.140 Safari/537.36'
    'HTTP_ACCEPT' => 'text/html,application/xhtml+xml,application/xml;q=0.9,image/webp,image/apng,*/*;q=0.8'
    'HTTP_REFERER' => 'http://192.168.100.49/sig/sig_arsip/backend/'
    'HTTP_ACCEPT_ENCODING' => 'gzip, deflate'
    'HTTP_ACCEPT_LANGUAGE' => 'en-US,en;q=0.9,id;q=0.8'
    'HTTP_COOKIE' => 'PHPSESSID=c9t4p2uf5ln4q6lq0er38atak7'
    'PATH' => '/usr/local/sbin:/usr/local/bin:/usr/sbin:/usr/bin'
    'SERVER_SIGNATURE' => ''
    'SERVER_SOFTWARE' => 'Apache/2.4.6 (CentOS) mod_auth_gssapi/1.3.1 mod_nss/2.4.6 NSS/3.19.1 Basic ECC PHP/5.4.16 mod_wsgi/3.4 Python/2.7.5'
    'SERVER_NAME' => '192.168.100.49'
    'SERVER_ADDR' => '192.168.100.49'
    'SERVER_PORT' => '80'
    'REMOTE_ADDR' => '192.168.100.103'
    'DOCUMENT_ROOT' => '/var/www/html'
    'REQUEST_SCHEME' => 'http'
    'CONTEXT_PREFIX' => ''
    'CONTEXT_DOCUMENT_ROOT' => '/var/www/html'
    'SERVER_ADMIN' => 'root@localhost'
    'SCRIPT_FILENAME' => '/var/www/html/sig/sig_arsip/backend/web/index.php'
    'REMOTE_PORT' => '3029'
    'GATEWAY_INTERFACE' => 'CGI/1.1'
    'SERVER_PROTOCOL' => 'HTTP/1.1'
    'REQUEST_METHOD' => 'GET'
    'QUERY_STRING' => 'r=site%2Flogin'
    'REQUEST_URI' => '/sig/sig_arsip/backend/web/index.php?r=site%2Flogin'
    'SCRIPT_NAME' => '/sig/sig_arsip/backend/web/index.php'
    'PHP_SELF' => '/sig/sig_arsip/backend/web/index.php'
    'REQUEST_TIME_FLOAT' => 1518406054.855
    'REQUEST_TIME' => 1518406054
]
